2023-03-03 14:06:04 INFO  com.ams.train.Sample:29 - inside constructor
2023-03-03 14:06:04 INFO  WebDriverThreadLocalContainer:138 - No webdriver is bound to current thread: 1 - let's create a new webdriver
2023-03-03 14:06:04 INFO  FileHelper:56 - Creating folder: C:\repo\prep_module\build\downloads\1677841564654_19160_1
2023-03-03 14:06:05 INFO  WebDriverManager:606 - Using chromedriver 110.0.5481.77 (resolved driver for Chrome 110)
2023-03-03 14:06:05 INFO  WebDriverManager:662 - Exporting webdriver.chrome.driver as C:\Users\Sergey.Amelchenko\.cache\selenium\chromedriver\win32\110.0.5481.77\chromedriver.exe
2023-03-03 14:06:07 INFO  BrowserResizer:28 - Set browser size to 1366x768
2023-03-03 14:06:07 INFO  WebDriverFactory:135 - BrowserName=chrome Version=110.0.5481.178 Platform=WINDOWS
2023-03-03 14:06:07 INFO  WebDriverFactory:78 - Selenide v. 5.19.0
2023-03-03 14:06:07 INFO  WebDriverFactory:129 - Selenium WebDriver v. 3.141.59 build time: 2018-11-14T08:17:03
2023-03-03 14:06:07 INFO  CreateDriverCommand:70 - Create webdriver in current thread 1: ChromeDriver -> ChromeDriver: chrome on WINDOWS (3e5c0fc6153382d902e8fabb7df36c7c)
2023-03-03 14:06:12 INFO  com.ams.train.Sample:24 - shifted value of a = 4
2023-03-03 14:06:13 INFO  CloseDriverCommand:30 - Close webdriver: 31 -> ChromeDriver: chrome on WINDOWS (3e5c0fc6153382d902e8fabb7df36c7c)...
2023-03-03 14:06:13 INFO  FileHelper:81 - Deleted empty folder: C:\repo\prep_module\build\downloads\1677841564654_19160_1
2023-03-03 14:06:14 INFO  CloseDriverCommand:32 - Closed webdriver 31 in 913 ms
2023-03-09 22:48:12 INFO  Sample:31 - inside constructor
2023-03-09 22:48:43 INFO  Sample:31 - inside constructor
2023-03-09 22:51:45 INFO  Sample:31 - inside constructor
2023-03-09 22:52:38 INFO  Sample:31 - inside constructor
2023-03-09 22:54:53 INFO  Sample:31 - inside constructor
2023-03-09 22:55:57 INFO  Sample:31 - inside constructor
2023-03-15 16:42:17 INFO  Sample:31 - inside constructor
2023-03-15 16:42:53 INFO  Sample:31 - inside constructor
2023-03-15 16:43:15 INFO  Sample:31 - inside constructor
2023-03-15 16:45:17 INFO  Sample:31 - inside constructor
2023-03-15 16:48:12 INFO  Sample:31 - inside constructor
2023-03-15 16:52:47 INFO  Sample:31 - inside constructor
2023-03-15 16:54:31 INFO  Sample:31 - inside constructor
2023-03-15 16:55:39 INFO  Sample:31 - inside constructor
2023-03-15 16:56:49 INFO  Sample:31 - inside constructor
2023-03-15 17:39:44 INFO  Sample:31 - inside constructor
2023-03-15 17:40:20 INFO  Sample:31 - inside constructor
2023-03-15 17:44:24 INFO  Sample:31 - inside constructor
2023-03-15 17:46:46 INFO  Sample:31 - inside constructor
2023-03-15 17:51:39 INFO  Sample:31 - inside constructor
2023-03-17 01:38:00 INFO  Sample:31 - inside constructor
2023-03-17 01:38:18 INFO  Sample:31 - inside constructor
2023-03-17 01:39:04 INFO  Sample:31 - inside constructor
2023-03-17 01:40:10 INFO  Sample:31 - inside constructor
2023-03-17 01:50:56 INFO  Sample:31 - inside constructor
2023-03-17 02:01:16 INFO  Sample:31 - inside constructor
2023-03-17 02:06:20 INFO  Sample:31 - inside constructor
2023-03-18 01:12:22 INFO  Sample:31 - inside constructor
2023-03-18 01:12:47 INFO  Sample:31 - inside constructor
2023-03-18 01:13:55 INFO  Sample:31 - inside constructor
2023-03-18 01:17:19 INFO  Sample:31 - inside constructor
2023-03-18 01:22:59 INFO  Sample:31 - inside constructor
2023-03-18 01:22:59 INFO  Sample:31 - inside constructor
2023-03-18 01:23:27 INFO  Sample:31 - inside constructor
2023-03-18 01:23:27 INFO  Sample:31 - inside constructor
2023-03-18 01:23:37 INFO  Sample:31 - inside constructor
2023-03-18 01:23:37 INFO  Sample:31 - inside constructor
2023-03-19 05:43:08 INFO  Sample:31 - inside constructor
2023-03-19 05:43:08 INFO  Sample:31 - inside constructor
2023-03-19 05:46:25 INFO  Sample:31 - inside constructor
2023-03-19 05:46:25 INFO  Sample:31 - inside constructor
2023-03-20 22:56:17 INFO  Sample:31 - inside constructor
2023-03-20 22:56:17 INFO  Sample:31 - inside constructor
2023-03-20 22:57:28 INFO  Sample:31 - inside constructor
2023-03-20 22:57:28 INFO  Sample:31 - inside constructor
2023-03-21 22:42:18 INFO  Sample:31 - inside constructor
2023-03-21 22:42:18 INFO  Sample:31 - inside constructor
2023-03-21 22:42:47 INFO  Sample:31 - inside constructor
2023-03-21 22:42:47 INFO  Sample:31 - inside constructor
2023-03-21 22:43:11 INFO  Sample:31 - inside constructor
2023-03-21 22:43:11 INFO  Sample:31 - inside constructor
2023-03-21 22:43:39 INFO  Sample:31 - inside constructor
2023-03-21 22:43:39 INFO  Sample:31 - inside constructor
2023-03-21 22:43:54 INFO  Sample:31 - inside constructor
2023-03-21 22:43:54 INFO  Sample:31 - inside constructor
2023-03-21 22:44:13 INFO  Sample:31 - inside constructor
2023-03-21 22:44:13 INFO  Sample:31 - inside constructor
2023-03-21 23:00:45 INFO  Sample:31 - inside constructor
2023-03-21 23:00:45 INFO  Sample:31 - inside constructor
2023-03-21 23:10:23 INFO  Sample:31 - inside constructor
2023-03-21 23:10:23 INFO  Sample:31 - inside constructor
